<?xml version="1.0" encoding="UTF-8"?>
<!-- Generated by org.testng.reporters.JUnitXMLReporter -->
<testsuite ignored="0" hostname="nusatrip-desktop" failures="0" tests="4" name="Test" time="12.055" errors="0" timestamp="2024-09-06T14:37:56 WIB">
  <testcase classname="testScript.testkanggoIndex" name="testScriptKanggo" time="0.273"/>
  <testcase classname="testScript.testkanggoKonsumen" name="testScriptKanggo" time="1.027"/>
  <testcase classname="testScript.testkanggoPerusahaan" name="testScriptKanggo" time="0.444"/>
  <testcase classname="testScript.testkanggoUtkTukangJagoan" name="testScriptKanggo" time="1.296"/>
</testsuite> <!-- Test -->
