<?xml version="1.0" encoding="UTF-8"?>
<testng-results ignored="0" total="4" passed="4" failed="0" skipped="0">
  <reporter-output>
  </reporter-output>
  <suite started-at="2024-09-06T14:37:44 WIB" name="Suite" finished-at="2024-09-06T14:37:56 WIB" duration-ms="12055">
    <groups>
    </groups>
    <test started-at="2024-09-06T14:37:44 WIB" name="Test" finished-at="2024-09-06T14:37:56 WIB" duration-ms="12055">
      <class name="testScript.testkanggoUtkTukangJagoan">
        <test-method is-config="true" signature="setUp(java.lang.String)[pri:0, instance:testScript.testkanggoUtkTukangJagoan@4facf68f]" started-at="2024-09-06T14:37:53 WIB" name="setUp" finished-at="2024-09-06T14:37:54 WIB" duration-ms="1849" status="PASS">
          <params>
            <param index="0">
              <value>
                <![CDATA[https://www.kanggo.id]]>
              </value>
            </param>
          </params>
          <reporter-output>
          </reporter-output>
        </test-method> <!-- setUp -->
        <test-method signature="testScriptKanggo()[pri:0, instance:testScript.testkanggoUtkTukangJagoan@4facf68f]" started-at="2024-09-06T14:37:54 WIB" name="testScriptKanggo" finished-at="2024-09-06T14:37:56 WIB" duration-ms="1296" status="PASS">
          <reporter-output>
          </reporter-output>
        </test-method> <!-- testScriptKanggo -->
        <test-method is-config="true" signature="tearDown(org.testng.ITestResult)[pri:0, instance:testScript.testkanggoUtkTukangJagoan@4facf68f]" started-at="2024-09-06T14:37:56 WIB" name="tearDown" finished-at="2024-09-06T14:37:56 WIB" duration-ms="173" status="PASS">
          <params>
            <param index="0">
              <value>
                <![CDATA[[TestResult name=testScriptKanggo status=SUCCESS method=testkanggoUtkTukangJagoan.testScriptKanggo()[pri:0, instance:testScript.testkanggoUtkTukangJagoan@4facf68f] output={null}]]]>
              </value>
            </param>
          </params>
          <reporter-output>
          </reporter-output>
        </test-method> <!-- tearDown -->
      </class> <!-- testScript.testkanggoUtkTukangJagoan -->
      <class name="testScript.testkanggoPerusahaan">
        <test-method is-config="true" signature="setUp(java.lang.String)[pri:0, instance:testScript.testkanggoPerusahaan@4ac3c60d]" started-at="2024-09-06T14:37:50 WIB" name="setUp" finished-at="2024-09-06T14:37:52 WIB" duration-ms="1933" status="PASS">
          <params>
            <param index="0">
              <value>
                <![CDATA[https://www.kanggo.id]]>
              </value>
            </param>
          </params>
          <reporter-output>
          </reporter-output>
        </test-method> <!-- setUp -->
        <test-method signature="testScriptKanggo()[pri:0, instance:testScript.testkanggoPerusahaan@4ac3c60d]" started-at="2024-09-06T14:37:52 WIB" name="testScriptKanggo" finished-at="2024-09-06T14:37:52 WIB" duration-ms="444" status="PASS">
          <reporter-output>
          </reporter-output>
        </test-method> <!-- testScriptKanggo -->
        <test-method is-config="true" signature="tearDown(org.testng.ITestResult)[pri:0, instance:testScript.testkanggoPerusahaan@4ac3c60d]" started-at="2024-09-06T14:37:52 WIB" name="tearDown" finished-at="2024-09-06T14:37:53 WIB" duration-ms="100" status="PASS">
          <params>
            <param index="0">
              <value>
                <![CDATA[[TestResult name=testScriptKanggo status=SUCCESS method=testkanggoPerusahaan.testScriptKanggo()[pri:0, instance:testScript.testkanggoPerusahaan@4ac3c60d] output={null}]]]>
              </value>
            </param>
          </params>
          <reporter-output>
          </reporter-output>
        </test-method> <!-- tearDown -->
      </class> <!-- testScript.testkanggoPerusahaan -->
      <class name="testScript.testkanggoIndex">
        <test-method is-config="true" signature="setUp(java.lang.String)[pri:0, instance:testScript.testkanggoIndex@1622f1b]" started-at="2024-09-06T14:37:44 WIB" name="setUp" finished-at="2024-09-06T14:37:46 WIB" duration-ms="2318" status="PASS">
          <params>
            <param index="0">
              <value>
                <![CDATA[https://www.kanggo.id]]>
              </value>
            </param>
          </params>
          <reporter-output>
          </reporter-output>
        </test-method> <!-- setUp -->
        <test-method signature="testScriptKanggo()[pri:0, instance:testScript.testkanggoIndex@1622f1b]" started-at="2024-09-06T14:37:46 WIB" name="testScriptKanggo" finished-at="2024-09-06T14:37:46 WIB" duration-ms="273" status="PASS">
          <reporter-output>
          </reporter-output>
        </test-method> <!-- testScriptKanggo -->
        <test-method is-config="true" signature="tearDown(org.testng.ITestResult)[pri:0, instance:testScript.testkanggoIndex@1622f1b]" started-at="2024-09-06T14:37:46 WIB" name="tearDown" finished-at="2024-09-06T14:37:47 WIB" duration-ms="104" status="PASS">
          <params>
            <param index="0">
              <value>
                <![CDATA[[TestResult name=testScriptKanggo status=SUCCESS method=testkanggoIndex.testScriptKanggo()[pri:0, instance:testScript.testkanggoIndex@1622f1b] output={null}]]]>
              </value>
            </param>
          </params>
          <reporter-output>
          </reporter-output>
        </test-method> <!-- tearDown -->
      </class> <!-- testScript.testkanggoIndex -->
      <class name="testScript.testkanggoKonsumen">
        <test-method is-config="true" signature="setUp(java.lang.String)[pri:0, instance:testScript.testkanggoKonsumen@3911c2a7]" started-at="2024-09-06T14:37:47 WIB" name="setUp" finished-at="2024-09-06T14:37:49 WIB" duration-ms="2342" status="PASS">
          <params>
            <param index="0">
              <value>
                <![CDATA[https://www.kanggo.id]]>
              </value>
            </param>
          </params>
          <reporter-output>
          </reporter-output>
        </test-method> <!-- setUp -->
        <test-method signature="testScriptKanggo()[pri:0, instance:testScript.testkanggoKonsumen@3911c2a7]" started-at="2024-09-06T14:37:49 WIB" name="testScriptKanggo" finished-at="2024-09-06T14:37:50 WIB" duration-ms="1027" status="PASS">
          <reporter-output>
          </reporter-output>
        </test-method> <!-- testScriptKanggo -->
        <test-method is-config="true" signature="tearDown(org.testng.ITestResult)[pri:0, instance:testScript.testkanggoKonsumen@3911c2a7]" started-at="2024-09-06T14:37:50 WIB" name="tearDown" finished-at="2024-09-06T14:37:50 WIB" duration-ms="146" status="PASS">
          <params>
            <param index="0">
              <value>
                <![CDATA[[TestResult name=testScriptKanggo status=SUCCESS method=testkanggoKonsumen.testScriptKanggo()[pri:0, instance:testScript.testkanggoKonsumen@3911c2a7] output={null}]]]>
              </value>
            </param>
          </params>
          <reporter-output>
          </reporter-output>
        </test-method> <!-- tearDown -->
      </class> <!-- testScript.testkanggoKonsumen -->
    </test> <!-- Test -->
  </suite> <!-- Suite -->
</testng-results>
